<?xml version="1.0" encoding="UTF-8"?>
<!-- Generated by org.testng.reporters.JUnitReportReporter -->
<testsuite skipped="0" hostname="MacBook-Pro-Bekzhan.local" name="com.jobapplication.PersonalInfoTests" tests="2" failures="0" timestamp="24 Jun 2018 01:20:51 GMT" time="10.048" errors="0">
  <testcase name="submitFullApplication" time="9.308" classname="com.jobapplication.PersonalInfoTests"/>
  <testcase name="fullNameEmptyTest" time="0.740" classname="com.jobapplication.PersonalInfoTests"/>
</testsuite> <!-- com.jobapplication.PersonalInfoTests -->
