<?xml version="1.0" encoding="UTF-8"?>
<!-- Generated by org.testng.reporters.JUnitReportReporter -->
<testsuite skipped="0" hostname="MacBook-Pro-Bekzhan.local" name="assertions.AssertionsTypes" tests="1" failures="0" timestamp="27 Jun 2018 02:55:58 GMT" time="8.048" errors="0">
  <testcase name="navigator" time="8.048" classname="assertions.AssertionsTypes"/>
</testsuite> <!-- assertions.AssertionsTypes -->
