<?xml version="1.0" encoding="UTF-8"?>
<!-- Generated by org.testng.reporters.JUnitReportReporter -->
<testsuite skipped="0" hostname="MacBook-Pro-Bekzhan.local" name="com.mockaroo.MockarrooDataValidation" tests="21" failures="0" timestamp="26 Jun 2018 20:08:29 GMT" time="18.301" errors="0">
  <testcase name="verifyTitle" time="0.011" classname="com.mockaroo.MockarrooDataValidation"/>
  <testcase name="verifyText" time="0.065" classname="com.mockaroo.MockarrooDataValidation"/>
  <testcase name="removeAllField" time="3.445" classname="com.mockaroo.MockarrooDataValidation"/>
  <testcase name="checkColumnsNames" time="0.082" classname="com.mockaroo.MockarrooDataValidation"/>
  <testcase name="addAnotherFieldButtonEnabled" time="0.024" classname="com.mockaroo.MockarrooDataValidation"/>
  <testcase name="rowsNumber1000" time="0.019" classname="com.mockaroo.MockarrooDataValidation"/>
  <testcase name="formatIsCSV" time="0.060" classname="com.mockaroo.MockarrooDataValidation"/>
  <testcase name="lineEndingUnix" time="0.056" classname="com.mockaroo.MockarrooDataValidation"/>
  <testcase name="checkboxCheckedOrNot" time="0.044" classname="com.mockaroo.MockarrooDataValidation"/>
  <testcase name="enterNameCity" time="0.183" classname="com.mockaroo.MockarrooDataValidation"/>
  <testcase name="chooseTypeDialogIsDisplayedForCity" time="3.127" classname="com.mockaroo.MockarrooDataValidation"/>
  <testcase name="searchCity" time="0.635" classname="com.mockaroo.MockarrooDataValidation"/>
  <testcase name="enterNameCountry" time="0.698" classname="com.mockaroo.MockarrooDataValidation"/>
  <testcase name="chooseTypeDialogIsDisplayedForCountry" time="1.025" classname="com.mockaroo.MockarrooDataValidation"/>
  <testcase name="searchCountry" time="2.200" classname="com.mockaroo.MockarrooDataValidation"/>
  <testcase name="downloadData" time="1.618" classname="com.mockaroo.MockarrooDataValidation"/>
  <testcase name="openDownloadedData" time="5.004" classname="com.mockaroo.MockarrooDataValidation"/>
  <testcase name="chkTheFirstRowInData" time="0.000" classname="com.mockaroo.MockarrooDataValidation"/>
  <testcase name="chkThat1000Rows" time="0.001" classname="com.mockaroo.MockarrooDataValidation"/>
  <testcase name="addCitiesToList" time="0.002" classname="com.mockaroo.MockarrooDataValidation"/>
  <testcase name="addCountriesToList" time="0.002" classname="com.mockaroo.MockarrooDataValidation"/>
</testsuite> <!-- com.mockaroo.MockarrooDataValidation -->
